  [1m[36m (1.4ms)[0m  [1mCREATE TABLE "schema_migrations" ("version" varchar(255) NOT NULL) [0m
  [1m[35m (1.2ms)[0m  CREATE UNIQUE INDEX "unique_schema_migrations" ON "schema_migrations" ("version")
  [1m[36mActiveRecord::SchemaMigration Load (0.2ms)[0m  [1mSELECT "schema_migrations".* FROM "schema_migrations"[0m
Migrating to CreateUsers (20140705204801)
  [1m[35m (0.1ms)[0m  begin transaction
  [1m[36m (0.5ms)[0m  [1mCREATE TABLE "users" ("id" INTEGER PRIMARY KEY AUTOINCREMENT NOT NULL, "name" varchar(255), "email" varchar(255), "created_at" datetime, "updated_at" datetime) [0m
  [1m[35mSQL (0.2ms)[0m  INSERT INTO "schema_migrations" ("version") VALUES (?)  [["version", "20140705204801"]]
  [1m[36m (1.3ms)[0m  [1mcommit transaction[0m
  [1m[35mActiveRecord::SchemaMigration Load (0.1ms)[0m  SELECT "schema_migrations".* FROM "schema_migrations"


Started GET "/" for 127.0.0.1 at 2014-07-05 14:05:26 -0700
  [1m[36mActiveRecord::SchemaMigration Load (0.1ms)[0m  [1mSELECT "schema_migrations".* FROM "schema_migrations"[0m
Processing by Rails::WelcomeController#index as HTML
  Rendered /Library/Ruby/Gems/2.0.0/gems/railties-4.0.5/lib/rails/templates/rails/welcome/index.html.erb (31.8ms)
Completed 200 OK in 167ms (Views: 166.2ms | ActiveRecord: 0.0ms)


Started GET "/" for 127.0.0.1 at 2014-07-05 14:05:39 -0700
Processing by Rails::WelcomeController#index as HTML
  Rendered /Library/Ruby/Gems/2.0.0/gems/railties-4.0.5/lib/rails/templates/rails/welcome/index.html.erb (0.1ms)
Completed 200 OK in 2ms (Views: 1.9ms | ActiveRecord: 0.0ms)


Started GET "/rails/info/properties" for 127.0.0.1 at 2014-07-05 14:05:58 -0700
Processing by Rails::InfoController#properties as */*
  [1m[35mActiveRecord::SchemaMigration Load (0.1ms)[0m  SELECT "schema_migrations".* FROM "schema_migrations"
  Rendered /Library/Ruby/Gems/2.0.0/gems/railties-4.0.5/lib/rails/templates/rails/info/properties.html.erb (0.6ms)
Completed 200 OK in 19ms (Views: 13.0ms | ActiveRecord: 0.3ms)


Started GET "/" for 127.0.0.1 at 2014-07-05 15:19:56 -0700
  [1m[36mActiveRecord::SchemaMigration Load (0.2ms)[0m  [1mSELECT "schema_migrations".* FROM "schema_migrations"[0m
Processing by Rails::WelcomeController#index as HTML
  Rendered /Library/Ruby/Gems/2.0.0/gems/railties-4.0.5/lib/rails/templates/rails/welcome/index.html.erb (2.3ms)
Completed 200 OK in 41ms (Views: 40.1ms | ActiveRecord: 0.0ms)
  [1m[36mActiveRecord::SchemaMigration Load (0.1ms)[0m  [1mSELECT "schema_migrations".* FROM "schema_migrations"[0m


Started GET "/" for 127.0.0.1 at 2014-07-07 20:38:25 -0700
  [1m[36mActiveRecord::SchemaMigration Load (0.5ms)[0m  [1mSELECT "schema_migrations".* FROM "schema_migrations"[0m
Processing by Rails::WelcomeController#index as HTML
  Rendered /Library/Ruby/Gems/2.0.0/gems/railties-4.0.5/lib/rails/templates/rails/welcome/index.html.erb (2.2ms)
Completed 200 OK in 42ms (Views: 40.4ms | ActiveRecord: 0.0ms)


Started GET "/" for 127.0.0.1 at 2014-07-07 20:39:00 -0700
Processing by Rails::WelcomeController#index as HTML
  Rendered /Library/Ruby/Gems/2.0.0/gems/railties-4.0.5/lib/rails/templates/rails/welcome/index.html.erb (0.1ms)
Completed 200 OK in 2ms (Views: 1.8ms | ActiveRecord: 0.0ms)


Started GET "/users" for 127.0.0.1 at 2014-07-07 20:39:02 -0700
Processing by UsersController#index as HTML
  [1m[35mUser Load (10.0ms)[0m  SELECT "users".* FROM "users"
  Rendered users/index.html.erb within layouts/application (11.9ms)
Warning. Error encountered while saving cache d8b534fbb135dbc65e4acc0564d8128992003983/scaffolds.css.scssc: can't dump anonymous class #<Class:0x007fb2d3780ab8>

Warning. Error encountered while saving cache d8b534fbb135dbc65e4acc0564d8128992003983/users.css.scssc: can't dump anonymous class #<Class:0x007fb2d3780ab8>

Completed 200 OK in 976ms (Views: 963.2ms | ActiveRecord: 10.0ms)


Started GET "/assets/application.css?body=1" for 127.0.0.1 at 2014-07-07 20:39:03 -0700


Started GET "/assets/scaffolds.css?body=1" for 127.0.0.1 at 2014-07-07 20:39:03 -0700


Started GET "/assets/jquery_ujs.js?body=1" for 127.0.0.1 at 2014-07-07 20:39:03 -0700


Started GET "/assets/jquery.js?body=1" for 127.0.0.1 at 2014-07-07 20:39:03 -0700


Started GET "/assets/turbolinks.js?body=1" for 127.0.0.1 at 2014-07-07 20:39:03 -0700


Started GET "/assets/users.css?body=1" for 127.0.0.1 at 2014-07-07 20:39:03 -0700


Started GET "/assets/users.js?body=1" for 127.0.0.1 at 2014-07-07 20:39:03 -0700


Started GET "/assets/application.js?body=1" for 127.0.0.1 at 2014-07-07 20:39:03 -0700


Started GET "/" for 127.0.0.1 at 2014-07-07 20:39:24 -0700
Processing by Rails::WelcomeController#index as HTML
  Rendered /Library/Ruby/Gems/2.0.0/gems/railties-4.0.5/lib/rails/templates/rails/welcome/index.html.erb (0.1ms)
Completed 200 OK in 2ms (Views: 2.0ms | ActiveRecord: 0.0ms)


Started GET "/" for 127.0.0.1 at 2014-07-07 20:39:28 -0700
Processing by Rails::WelcomeController#index as HTML
  Rendered /Library/Ruby/Gems/2.0.0/gems/railties-4.0.5/lib/rails/templates/rails/welcome/index.html.erb (0.0ms)
Completed 200 OK in 2ms (Views: 1.7ms | ActiveRecord: 0.0ms)


Started GET "/" for 127.0.0.1 at 2014-07-07 20:39:28 -0700
Processing by Rails::WelcomeController#index as HTML
  Rendered /Library/Ruby/Gems/2.0.0/gems/railties-4.0.5/lib/rails/templates/rails/welcome/index.html.erb (0.0ms)
Completed 200 OK in 2ms (Views: 1.5ms | ActiveRecord: 0.0ms)


Started GET "/users" for 127.0.0.1 at 2014-07-07 20:39:28 -0700
Processing by UsersController#index as HTML
  [1m[36mUser Load (0.2ms)[0m  [1mSELECT "users".* FROM "users"[0m
  Rendered users/index.html.erb within layouts/application (1.1ms)
Completed 200 OK in 6ms (Views: 5.6ms | ActiveRecord: 0.2ms)


Started GET "/assets/application.css?body=1" for 127.0.0.1 at 2014-07-07 20:39:28 -0700


Started GET "/assets/scaffolds.css?body=1" for 127.0.0.1 at 2014-07-07 20:39:28 -0700


Started GET "/assets/users.js?body=1" for 127.0.0.1 at 2014-07-07 20:39:28 -0700


Started GET "/assets/users.css?body=1" for 127.0.0.1 at 2014-07-07 20:39:28 -0700


Started GET "/assets/jquery.js?body=1" for 127.0.0.1 at 2014-07-07 20:39:28 -0700


Started GET "/assets/jquery_ujs.js?body=1" for 127.0.0.1 at 2014-07-07 20:39:28 -0700


Started GET "/assets/turbolinks.js?body=1" for 127.0.0.1 at 2014-07-07 20:39:28 -0700


Started GET "/assets/application.js?body=1" for 127.0.0.1 at 2014-07-07 20:39:28 -0700


Started GET "/users/new" for 127.0.0.1 at 2014-07-07 20:40:49 -0700
Processing by UsersController#new as HTML
  Rendered users/_form.html.erb (64.9ms)
  Rendered users/new.html.erb within layouts/application (84.7ms)
Completed 200 OK in 96ms (Views: 90.5ms | ActiveRecord: 0.6ms)


Started POST "/users" for 127.0.0.1 at 2014-07-07 20:41:25 -0700
Processing by UsersController#create as HTML
  Parameters: {"utf8"=>"✓", "authenticity_token"=>"qk5v6MqMxnU4S2SxAX0rTFxSRG2kZzaG4j6LyhQ28BA=", "user"=>{"name"=>"Anders Bj-A", "email"=>"abjerregaarda@gmail.com"}, "commit"=>"Create User"}
  [1m[35m (0.1ms)[0m  begin transaction
  [1m[36mSQL (92.5ms)[0m  [1mINSERT INTO "users" ("created_at", "email", "name", "updated_at") VALUES (?, ?, ?, ?)[0m  [["created_at", Tue, 08 Jul 2014 03:41:25 UTC +00:00], ["email", "abjerregaarda@gmail.com"], ["name", "Anders Bj-A"], ["updated_at", Tue, 08 Jul 2014 03:41:25 UTC +00:00]]
  [1m[35m (47.6ms)[0m  commit transaction
Redirected to http://localhost:3000/users/1
Completed 302 Found in 148ms (ActiveRecord: 140.2ms)


Started GET "/users/1" for 127.0.0.1 at 2014-07-07 20:41:25 -0700
Processing by UsersController#show as HTML
  Parameters: {"id"=>"1"}
  [1m[36mUser Load (0.2ms)[0m  [1mSELECT "users".* FROM "users" WHERE "users"."id" = ? LIMIT 1[0m  [["id", "1"]]
  Rendered users/show.html.erb within layouts/application (1.7ms)
Completed 200 OK in 10ms (Views: 6.7ms | ActiveRecord: 0.2ms)


Started GET "/assets/application.css?body=1" for 127.0.0.1 at 2014-07-07 20:41:26 -0700


Started GET "/assets/scaffolds.css?body=1" for 127.0.0.1 at 2014-07-07 20:41:26 -0700


Started GET "/assets/application.js?body=1" for 127.0.0.1 at 2014-07-07 20:41:26 -0700


Started GET "/assets/jquery.js?body=1" for 127.0.0.1 at 2014-07-07 20:41:26 -0700


Started GET "/assets/jquery_ujs.js?body=1" for 127.0.0.1 at 2014-07-07 20:41:26 -0700


Started GET "/assets/turbolinks.js?body=1" for 127.0.0.1 at 2014-07-07 20:41:26 -0700


Started GET "/assets/users.js?body=1" for 127.0.0.1 at 2014-07-07 20:41:26 -0700


Started GET "/users/1" for 127.0.0.1 at 2014-07-07 20:41:32 -0700
Processing by UsersController#show as HTML
  Parameters: {"id"=>"1"}
  [1m[35mUser Load (0.1ms)[0m  SELECT "users".* FROM "users" WHERE "users"."id" = ? LIMIT 1  [["id", "1"]]
  Rendered users/show.html.erb within layouts/application (0.6ms)
Completed 200 OK in 6ms (Views: 5.1ms | ActiveRecord: 0.1ms)


Started GET "/users/1" for 127.0.0.1 at 2014-07-07 20:41:32 -0700
Processing by UsersController#show as HTML
  Parameters: {"id"=>"1"}
  [1m[36mUser Load (0.1ms)[0m  [1mSELECT "users".* FROM "users" WHERE "users"."id" = ? LIMIT 1[0m  [["id", "1"]]
  Rendered users/show.html.erb within layouts/application (0.7ms)
Completed 200 OK in 7ms (Views: 5.9ms | ActiveRecord: 0.1ms)


Started GET "/users" for 127.0.0.1 at 2014-07-07 20:41:33 -0700
Processing by UsersController#index as HTML
  [1m[35mUser Load (0.2ms)[0m  SELECT "users".* FROM "users"
  Rendered users/index.html.erb within layouts/application (1.3ms)
Completed 200 OK in 6ms (Views: 5.7ms | ActiveRecord: 0.2ms)


Started GET "/assets/application.css?body=1" for 127.0.0.1 at 2014-07-07 20:41:33 -0700


Started GET "/assets/application.js?body=1" for 127.0.0.1 at 2014-07-07 20:41:33 -0700


Started GET "/assets/jquery.js?body=1" for 127.0.0.1 at 2014-07-07 20:41:33 -0700


Started GET "/assets/users.js?body=1" for 127.0.0.1 at 2014-07-07 20:41:33 -0700


Started GET "/assets/scaffolds.css?body=1" for 127.0.0.1 at 2014-07-07 20:41:33 -0700


Started GET "/assets/jquery_ujs.js?body=1" for 127.0.0.1 at 2014-07-07 20:41:33 -0700


Started GET "/assets/turbolinks.js?body=1" for 127.0.0.1 at 2014-07-07 20:41:33 -0700


Started GET "/users/1" for 127.0.0.1 at 2014-07-07 20:41:40 -0700
Processing by UsersController#show as HTML
  Parameters: {"id"=>"1"}
  [1m[36mUser Load (0.2ms)[0m  [1mSELECT "users".* FROM "users" WHERE "users"."id" = ? LIMIT 1[0m  [["id", "1"]]
  Rendered users/show.html.erb within layouts/application (3.0ms)
Completed 200 OK in 10ms (Views: 8.5ms | ActiveRecord: 0.2ms)


Started GET "/users" for 127.0.0.1 at 2014-07-07 20:41:42 -0700
Processing by UsersController#index as HTML
  [1m[35mUser Load (0.2ms)[0m  SELECT "users".* FROM "users"
  Rendered users/index.html.erb within layouts/application (3.1ms)
Completed 200 OK in 10ms (Views: 9.4ms | ActiveRecord: 0.2ms)


Started GET "/users/1/edit" for 127.0.0.1 at 2014-07-07 20:41:45 -0700
Processing by UsersController#edit as HTML
  Parameters: {"id"=>"1"}
  [1m[36mUser Load (0.4ms)[0m  [1mSELECT "users".* FROM "users" WHERE "users"."id" = ? LIMIT 1[0m  [["id", "1"]]
  Rendered users/_form.html.erb (3.1ms)
  Rendered users/edit.html.erb within layouts/application (7.2ms)
Completed 200 OK in 22ms (Views: 14.8ms | ActiveRecord: 0.4ms)


Started GET "/users" for 127.0.0.1 at 2014-07-07 20:41:46 -0700
Processing by UsersController#index as HTML
  [1m[35mUser Load (0.2ms)[0m  SELECT "users".* FROM "users"
  Rendered users/index.html.erb within layouts/application (2.0ms)
Completed 200 OK in 12ms (Views: 11.5ms | ActiveRecord: 0.2ms)


Started GET "/" for 127.0.0.1 at 2014-07-08 00:09:51 -0700
Processing by Rails::WelcomeController#index as HTML
  Rendered /Library/Ruby/Gems/2.0.0/gems/railties-4.0.5/lib/rails/templates/rails/welcome/index.html.erb (0.1ms)
Completed 200 OK in 2ms (Views: 1.7ms | ActiveRecord: 0.0ms)


Started DELETE "/users/1" for 127.0.0.1 at 2014-07-08 00:55:14 -0700
Processing by UsersController#destroy as HTML
  Parameters: {"authenticity_token"=>"qk5v6MqMxnU4S2SxAX0rTFxSRG2kZzaG4j6LyhQ28BA=", "id"=>"1"}
  [1m[36mUser Load (0.1ms)[0m  [1mSELECT "users".* FROM "users" WHERE "users"."id" = ? LIMIT 1[0m  [["id", "1"]]
  [1m[35m (0.1ms)[0m  begin transaction
  [1m[36mSQL (0.4ms)[0m  [1mDELETE FROM "users" WHERE "users"."id" = ?[0m  [["id", 1]]
  [1m[35m (6.7ms)[0m  commit transaction
Redirected to http://localhost:3000/users
Completed 302 Found in 12ms (ActiveRecord: 7.4ms)


Started GET "/users" for 127.0.0.1 at 2014-07-08 00:55:14 -0700
Processing by UsersController#index as HTML
  [1m[36mUser Load (0.2ms)[0m  [1mSELECT "users".* FROM "users"[0m
  Rendered users/index.html.erb within layouts/application (0.8ms)
Completed 200 OK in 6ms (Views: 5.8ms | ActiveRecord: 0.2ms)


Started GET "/assets/application.css?body=1" for 127.0.0.1 at 2014-07-08 00:55:14 -0700


Started GET "/assets/scaffolds.css?body=1" for 127.0.0.1 at 2014-07-08 00:55:14 -0700


Started GET "/assets/jquery.js?body=1" for 127.0.0.1 at 2014-07-08 00:55:14 -0700


Started GET "/assets/turbolinks.js?body=1" for 127.0.0.1 at 2014-07-08 00:55:14 -0700


Started GET "/assets/application.js?body=1" for 127.0.0.1 at 2014-07-08 00:55:14 -0700


Started GET "/assets/jquery_ujs.js?body=1" for 127.0.0.1 at 2014-07-08 00:55:14 -0700


Started GET "/assets/users.js?body=1" for 127.0.0.1 at 2014-07-08 00:55:14 -0700


Started GET "/users/new" for 127.0.0.1 at 2014-07-08 00:55:16 -0700
Processing by UsersController#new as HTML
  Rendered users/_form.html.erb (2.8ms)
  Rendered users/new.html.erb within layouts/application (15.2ms)
Completed 200 OK in 21ms (Views: 20.1ms | ActiveRecord: 0.0ms)


Started POST "/users" for 127.0.0.1 at 2014-07-08 00:55:41 -0700
Processing by UsersController#create as HTML
  Parameters: {"utf8"=>"✓", "authenticity_token"=>"qk5v6MqMxnU4S2SxAX0rTFxSRG2kZzaG4j6LyhQ28BA=", "user"=>{"name"=>"Hr Eksempel", "email"=>"eksempel@gmail.org"}, "commit"=>"Create User"}
  [1m[35m (0.1ms)[0m  begin transaction
  [1m[36mSQL (0.6ms)[0m  [1mINSERT INTO "users" ("created_at", "email", "name", "updated_at") VALUES (?, ?, ?, ?)[0m  [["created_at", Tue, 08 Jul 2014 07:55:41 UTC +00:00], ["email", "eksempel@gmail.org"], ["name", "Hr Eksempel"], ["updated_at", Tue, 08 Jul 2014 07:55:41 UTC +00:00]]
  [1m[35m (1.6ms)[0m  commit transaction
Redirected to http://localhost:3000/users/2
Completed 302 Found in 6ms (ActiveRecord: 2.2ms)


Started GET "/users/2" for 127.0.0.1 at 2014-07-08 00:55:41 -0700
Processing by UsersController#show as HTML
  Parameters: {"id"=>"2"}
  [1m[36mUser Load (0.2ms)[0m  [1mSELECT "users".* FROM "users" WHERE "users"."id" = ? LIMIT 1[0m  [["id", "2"]]
  Rendered users/show.html.erb within layouts/application (0.7ms)
Completed 200 OK in 28ms (Views: 27.3ms | ActiveRecord: 0.2ms)


Started GET "/assets/application.css?body=1" for 127.0.0.1 at 2014-07-08 00:55:41 -0700


Started GET "/assets/scaffolds.css?body=1" for 127.0.0.1 at 2014-07-08 00:55:41 -0700


Started GET "/assets/jquery.js?body=1" for 127.0.0.1 at 2014-07-08 00:55:41 -0700


Started GET "/assets/turbolinks.js?body=1" for 127.0.0.1 at 2014-07-08 00:55:41 -0700


Started GET "/assets/users.js?body=1" for 127.0.0.1 at 2014-07-08 00:55:41 -0700


Started GET "/assets/jquery_ujs.js?body=1" for 127.0.0.1 at 2014-07-08 00:55:41 -0700


Started GET "/assets/application.js?body=1" for 127.0.0.1 at 2014-07-08 00:55:41 -0700


Started GET "/users/1" for 127.0.0.1 at 2014-07-08 00:55:48 -0700
Processing by UsersController#show as HTML
  Parameters: {"id"=>"1"}
  [1m[35mUser Load (0.1ms)[0m  SELECT "users".* FROM "users" WHERE "users"."id" = ? LIMIT 1  [["id", "1"]]
Completed 404 Not Found in 1ms

ActiveRecord::RecordNotFound (Couldn't find User with id=1):
  app/controllers/users_controller.rb:67:in `set_user'


  Rendered /Library/Ruby/Gems/2.0.0/gems/actionpack-4.0.5/lib/action_dispatch/middleware/templates/rescues/_source.erb (1.1ms)
  Rendered /Library/Ruby/Gems/2.0.0/gems/actionpack-4.0.5/lib/action_dispatch/middleware/templates/rescues/_trace.erb (1.3ms)
  Rendered /Library/Ruby/Gems/2.0.0/gems/actionpack-4.0.5/lib/action_dispatch/middleware/templates/rescues/_request_and_response.erb (1.2ms)
  Rendered /Library/Ruby/Gems/2.0.0/gems/actionpack-4.0.5/lib/action_dispatch/middleware/templates/rescues/diagnostics.erb within rescues/layout (23.5ms)


Started GET "/assets/application.css?body=1" for 127.0.0.1 at 2014-07-08 00:58:27 -0700


Started GET "/assets/scaffolds.css?body=1" for 127.0.0.1 at 2014-07-08 00:58:27 -0700


Started GET "/assets/users.css?body=1" for 127.0.0.1 at 2014-07-08 00:58:27 -0700


Started GET "/assets/users.js?body=1" for 127.0.0.1 at 2014-07-08 00:58:27 -0700


Started GET "/assets/jquery.js?body=1" for 127.0.0.1 at 2014-07-08 00:58:27 -0700


Started GET "/assets/turbolinks.js?body=1" for 127.0.0.1 at 2014-07-08 00:58:27 -0700


Started GET "/assets/jquery_ujs.js?body=1" for 127.0.0.1 at 2014-07-08 00:58:27 -0700


Started GET "/assets/application.js?body=1" for 127.0.0.1 at 2014-07-08 00:58:27 -0700


Started GET "/users" for 127.0.0.1 at 2014-07-08 00:58:28 -0700
Processing by UsersController#index as HTML
  [1m[36mUser Load (0.2ms)[0m  [1mSELECT "users".* FROM "users"[0m
  Rendered users/index.html.erb within layouts/application (2.1ms)
Completed 200 OK in 12ms (Views: 10.9ms | ActiveRecord: 0.2ms)


Started GET "/users/new" for 127.0.0.1 at 2014-07-08 00:58:30 -0700
Processing by UsersController#new as HTML
  Rendered users/_form.html.erb (3.2ms)
  Rendered users/new.html.erb within layouts/application (4.6ms)
Completed 200 OK in 16ms (Views: 10.1ms | ActiveRecord: 0.0ms)


Started POST "/users" for 127.0.0.1 at 2014-07-08 00:58:50 -0700
Processing by UsersController#create as HTML
  Parameters: {"utf8"=>"✓", "authenticity_token"=>"qk5v6MqMxnU4S2SxAX0rTFxSRG2kZzaG4j6LyhQ28BA=", "user"=>{"name"=>"Maddi Maddox", "email"=>"mm@mms.la"}, "commit"=>"Create User"}
  [1m[35m (0.2ms)[0m  begin transaction
  [1m[36mSQL (0.6ms)[0m  [1mINSERT INTO "users" ("created_at", "email", "name", "updated_at") VALUES (?, ?, ?, ?)[0m  [["created_at", Tue, 08 Jul 2014 07:58:50 UTC +00:00], ["email", "mm@mms.la"], ["name", "Maddi Maddox"], ["updated_at", Tue, 08 Jul 2014 07:58:50 UTC +00:00]]
  [1m[35m (2.2ms)[0m  commit transaction
Redirected to http://localhost:3000/users/3
Completed 302 Found in 7ms (ActiveRecord: 3.0ms)


Started GET "/users/3" for 127.0.0.1 at 2014-07-08 00:58:50 -0700
Processing by UsersController#show as HTML
  Parameters: {"id"=>"3"}
  [1m[36mUser Load (0.2ms)[0m  [1mSELECT "users".* FROM "users" WHERE "users"."id" = ? LIMIT 1[0m  [["id", "3"]]
  Rendered users/show.html.erb within layouts/application (0.6ms)
Completed 200 OK in 9ms (Views: 7.6ms | ActiveRecord: 0.2ms)


Started GET "/users" for 127.0.0.1 at 2014-07-08 00:58:55 -0700
Processing by UsersController#index as HTML
  [1m[35mUser Load (0.2ms)[0m  SELECT "users".* FROM "users"
  Rendered users/index.html.erb within layouts/application (1.7ms)
Completed 200 OK in 10ms (Views: 8.7ms | ActiveRecord: 0.2ms)


Started GET "/users/2" for 127.0.0.1 at 2014-07-08 19:27:20 -0700
Processing by UsersController#show as HTML
  Parameters: {"id"=>"2"}
  [1m[36mUser Load (0.2ms)[0m  [1mSELECT "users".* FROM "users" WHERE "users"."id" = ? LIMIT 1[0m  [["id", "2"]]
  Rendered users/show.html.erb within layouts/application (0.9ms)
Completed 200 OK in 81ms (Views: 79.4ms | ActiveRecord: 0.2ms)


Started GET "/users" for 127.0.0.1 at 2014-07-08 19:27:22 -0700
Processing by UsersController#index as HTML
  [1m[35mUser Load (0.3ms)[0m  SELECT "users".* FROM "users"
  Rendered users/index.html.erb within layouts/application (7.7ms)
Completed 200 OK in 14ms (Views: 13.0ms | ActiveRecord: 0.3ms)


Started GET "/" for 127.0.0.1 at 2014-07-09 10:03:03 -0700
Processing by Rails::WelcomeController#index as HTML
  Rendered /Library/Ruby/Gems/2.0.0/gems/railties-4.0.5/lib/rails/templates/rails/welcome/index.html.erb (0.1ms)
Completed 200 OK in 80ms (Views: 79.2ms | ActiveRecord: 0.0ms)


Started GET "/" for 127.0.0.1 at 2014-07-09 10:03:06 -0700
Processing by Rails::WelcomeController#index as HTML
  Rendered /Library/Ruby/Gems/2.0.0/gems/railties-4.0.5/lib/rails/templates/rails/welcome/index.html.erb (0.0ms)
Completed 200 OK in 2ms (Views: 1.6ms | ActiveRecord: 0.0ms)


Started GET "/users" for 127.0.0.1 at 2014-07-24 11:31:18 -0700
  [1m[36mActiveRecord::SchemaMigration Load (0.4ms)[0m  [1mSELECT "schema_migrations".* FROM "schema_migrations"[0m
Processing by UsersController#index as HTML
  [1m[35mUser Load (15.1ms)[0m  SELECT "users".* FROM "users"
  Rendered users/index.html.erb within layouts/application (30.5ms)
Completed 200 OK in 359ms (Views: 340.2ms | ActiveRecord: 15.6ms)


Started GET "/assets/scaffolds.css?body=1" for 127.0.0.1 at 2014-07-24 11:31:19 -0700


Started GET "/assets/users.css?body=1" for 127.0.0.1 at 2014-07-24 11:31:19 -0700


Started GET "/assets/users.js?body=1" for 127.0.0.1 at 2014-07-24 11:31:19 -0700


Started GET "/assets/application.css?body=1" for 127.0.0.1 at 2014-07-24 11:31:19 -0700


Started GET "/assets/jquery.js?body=1" for 127.0.0.1 at 2014-07-24 11:31:19 -0700


Started GET "/assets/application.js?body=1" for 127.0.0.1 at 2014-07-24 11:31:19 -0700


Started GET "/assets/jquery_ujs.js?body=1" for 127.0.0.1 at 2014-07-24 11:31:19 -0700


Started GET "/assets/turbolinks.js?body=1" for 127.0.0.1 at 2014-07-24 11:31:19 -0700


Started GET "/microposts/new" for 127.0.0.1 at 2014-07-24 12:08:33 -0700

ActionController::RoutingError (No route matches [GET] "/microposts/new"):
  actionpack (4.0.5) lib/action_dispatch/middleware/debug_exceptions.rb:21:in `call'
  actionpack (4.0.5) lib/action_dispatch/middleware/show_exceptions.rb:30:in `call'
  railties (4.0.5) lib/rails/rack/logger.rb:38:in `call_app'
  railties (4.0.5) lib/rails/rack/logger.rb:20:in `block in call'
  activesupport (4.0.5) lib/active_support/tagged_logging.rb:68:in `block in tagged'
  activesupport (4.0.5) lib/active_support/tagged_logging.rb:26:in `tagged'
  activesupport (4.0.5) lib/active_support/tagged_logging.rb:68:in `tagged'
  railties (4.0.5) lib/rails/rack/logger.rb:20:in `call'
  actionpack (4.0.5) lib/action_dispatch/middleware/request_id.rb:21:in `call'
  rack (1.5.2) lib/rack/methodoverride.rb:21:in `call'
  rack (1.5.2) lib/rack/runtime.rb:17:in `call'
  activesupport (4.0.5) lib/active_support/cache/strategy/local_cache.rb:83:in `call'
  rack (1.5.2) lib/rack/lock.rb:17:in `call'
  actionpack (4.0.5) lib/action_dispatch/middleware/static.rb:64:in `call'
  rack (1.5.2) lib/rack/sendfile.rb:112:in `call'
  railties (4.0.5) lib/rails/engine.rb:511:in `call'
  railties (4.0.5) lib/rails/application.rb:97:in `call'
  rack (1.5.2) lib/rack/lock.rb:17:in `call'
  rack (1.5.2) lib/rack/content_length.rb:14:in `call'
  rack (1.5.2) lib/rack/handler/webrick.rb:60:in `service'
  /System/Library/Frameworks/Ruby.framework/Versions/2.0/usr/lib/ruby/2.0.0/webrick/httpserver.rb:138:in `service'
  /System/Library/Frameworks/Ruby.framework/Versions/2.0/usr/lib/ruby/2.0.0/webrick/httpserver.rb:94:in `run'
  /System/Library/Frameworks/Ruby.framework/Versions/2.0/usr/lib/ruby/2.0.0/webrick/server.rb:295:in `block in start_thread'


  Rendered /Library/Ruby/Gems/2.0.0/gems/actionpack-4.0.5/lib/action_dispatch/middleware/templates/rescues/_trace.erb (1.5ms)
  Rendered /Library/Ruby/Gems/2.0.0/gems/actionpack-4.0.5/lib/action_dispatch/middleware/templates/routes/_route.html.erb (1.6ms)
  Rendered /Library/Ruby/Gems/2.0.0/gems/actionpack-4.0.5/lib/action_dispatch/middleware/templates/routes/_table.html.erb (5.1ms)
  Rendered /Library/Ruby/Gems/2.0.0/gems/actionpack-4.0.5/lib/action_dispatch/middleware/templates/rescues/routing_error.erb within rescues/layout (64.7ms)


Started GET "/microposts/new" for 127.0.0.1 at 2014-07-24 21:00:04 -0700
  [1m[36mActiveRecord::SchemaMigration Load (0.1ms)[0m  [1mSELECT "schema_migrations".* FROM "schema_migrations"[0m

ActiveRecord::PendingMigrationError (Migrations are pending; run 'bin/rake db:migrate RAILS_ENV=development' to resolve this issue.):
  activerecord (4.0.5) lib/active_record/migration.rb:383:in `check_pending!'
  activerecord (4.0.5) lib/active_record/migration.rb:370:in `call'
  actionpack (4.0.5) lib/action_dispatch/middleware/callbacks.rb:29:in `block in call'
  activesupport (4.0.5) lib/active_support/callbacks.rb:373:in `_run__1981445001146735648__call__callbacks'
  activesupport (4.0.5) lib/active_support/callbacks.rb:80:in `run_callbacks'
  actionpack (4.0.5) lib/action_dispatch/middleware/callbacks.rb:27:in `call'
  actionpack (4.0.5) lib/action_dispatch/middleware/reloader.rb:64:in `call'
  actionpack (4.0.5) lib/action_dispatch/middleware/remote_ip.rb:76:in `call'
  actionpack (4.0.5) lib/action_dispatch/middleware/debug_exceptions.rb:17:in `call'
  actionpack (4.0.5) lib/action_dispatch/middleware/show_exceptions.rb:30:in `call'
  railties (4.0.5) lib/rails/rack/logger.rb:38:in `call_app'
  railties (4.0.5) lib/rails/rack/logger.rb:20:in `block in call'
  activesupport (4.0.5) lib/active_support/tagged_logging.rb:68:in `block in tagged'
  activesupport (4.0.5) lib/active_support/tagged_logging.rb:26:in `tagged'
  activesupport (4.0.5) lib/active_support/tagged_logging.rb:68:in `tagged'
  railties (4.0.5) lib/rails/rack/logger.rb:20:in `call'
  actionpack (4.0.5) lib/action_dispatch/middleware/request_id.rb:21:in `call'
  rack (1.5.2) lib/rack/methodoverride.rb:21:in `call'
  rack (1.5.2) lib/rack/runtime.rb:17:in `call'
  activesupport (4.0.5) lib/active_support/cache/strategy/local_cache.rb:83:in `call'
  rack (1.5.2) lib/rack/lock.rb:17:in `call'
  actionpack (4.0.5) lib/action_dispatch/middleware/static.rb:64:in `call'
  rack (1.5.2) lib/rack/sendfile.rb:112:in `call'
  railties (4.0.5) lib/rails/engine.rb:511:in `call'
  railties (4.0.5) lib/rails/application.rb:97:in `call'
  rack (1.5.2) lib/rack/lock.rb:17:in `call'
  rack (1.5.2) lib/rack/content_length.rb:14:in `call'
  rack (1.5.2) lib/rack/handler/webrick.rb:60:in `service'
  /System/Library/Frameworks/Ruby.framework/Versions/2.0/usr/lib/ruby/2.0.0/webrick/httpserver.rb:138:in `service'
  /System/Library/Frameworks/Ruby.framework/Versions/2.0/usr/lib/ruby/2.0.0/webrick/httpserver.rb:94:in `run'
  /System/Library/Frameworks/Ruby.framework/Versions/2.0/usr/lib/ruby/2.0.0/webrick/server.rb:295:in `block in start_thread'


  Rendered /Library/Ruby/Gems/2.0.0/gems/actionpack-4.0.5/lib/action_dispatch/middleware/templates/rescues/_source.erb (0.6ms)
  Rendered /Library/Ruby/Gems/2.0.0/gems/actionpack-4.0.5/lib/action_dispatch/middleware/templates/rescues/_trace.erb (1.1ms)
  Rendered /Library/Ruby/Gems/2.0.0/gems/actionpack-4.0.5/lib/action_dispatch/middleware/templates/rescues/_request_and_response.erb (0.9ms)
  Rendered /Library/Ruby/Gems/2.0.0/gems/actionpack-4.0.5/lib/action_dispatch/middleware/templates/rescues/diagnostics.erb within rescues/layout (22.9ms)


Started GET "/microposts/new" for 127.0.0.1 at 2014-07-24 21:00:08 -0700
  [1m[35mActiveRecord::SchemaMigration Load (0.1ms)[0m  SELECT "schema_migrations".* FROM "schema_migrations"

ActiveRecord::PendingMigrationError (Migrations are pending; run 'bin/rake db:migrate RAILS_ENV=development' to resolve this issue.):
  activerecord (4.0.5) lib/active_record/migration.rb:383:in `check_pending!'
  activerecord (4.0.5) lib/active_record/migration.rb:370:in `call'
  actionpack (4.0.5) lib/action_dispatch/middleware/callbacks.rb:29:in `block in call'
  activesupport (4.0.5) lib/active_support/callbacks.rb:373:in `_run__1981445001146735648__call__callbacks'
  activesupport (4.0.5) lib/active_support/callbacks.rb:80:in `run_callbacks'
  actionpack (4.0.5) lib/action_dispatch/middleware/callbacks.rb:27:in `call'
  actionpack (4.0.5) lib/action_dispatch/middleware/reloader.rb:64:in `call'
  actionpack (4.0.5) lib/action_dispatch/middleware/remote_ip.rb:76:in `call'
  actionpack (4.0.5) lib/action_dispatch/middleware/debug_exceptions.rb:17:in `call'
  actionpack (4.0.5) lib/action_dispatch/middleware/show_exceptions.rb:30:in `call'
  railties (4.0.5) lib/rails/rack/logger.rb:38:in `call_app'
  railties (4.0.5) lib/rails/rack/logger.rb:20:in `block in call'
  activesupport (4.0.5) lib/active_support/tagged_logging.rb:68:in `block in tagged'
  activesupport (4.0.5) lib/active_support/tagged_logging.rb:26:in `tagged'
  activesupport (4.0.5) lib/active_support/tagged_logging.rb:68:in `tagged'
  railties (4.0.5) lib/rails/rack/logger.rb:20:in `call'
  actionpack (4.0.5) lib/action_dispatch/middleware/request_id.rb:21:in `call'
  rack (1.5.2) lib/rack/methodoverride.rb:21:in `call'
  rack (1.5.2) lib/rack/runtime.rb:17:in `call'
  activesupport (4.0.5) lib/active_support/cache/strategy/local_cache.rb:83:in `call'
  rack (1.5.2) lib/rack/lock.rb:17:in `call'
  actionpack (4.0.5) lib/action_dispatch/middleware/static.rb:64:in `call'
  rack (1.5.2) lib/rack/sendfile.rb:112:in `call'
  railties (4.0.5) lib/rails/engine.rb:511:in `call'
  railties (4.0.5) lib/rails/application.rb:97:in `call'
  rack (1.5.2) lib/rack/lock.rb:17:in `call'
  rack (1.5.2) lib/rack/content_length.rb:14:in `call'
  rack (1.5.2) lib/rack/handler/webrick.rb:60:in `service'
  /System/Library/Frameworks/Ruby.framework/Versions/2.0/usr/lib/ruby/2.0.0/webrick/httpserver.rb:138:in `service'
  /System/Library/Frameworks/Ruby.framework/Versions/2.0/usr/lib/ruby/2.0.0/webrick/httpserver.rb:94:in `run'
  /System/Library/Frameworks/Ruby.framework/Versions/2.0/usr/lib/ruby/2.0.0/webrick/server.rb:295:in `block in start_thread'


  Rendered /Library/Ruby/Gems/2.0.0/gems/actionpack-4.0.5/lib/action_dispatch/middleware/templates/rescues/_source.erb (0.6ms)
  Rendered /Library/Ruby/Gems/2.0.0/gems/actionpack-4.0.5/lib/action_dispatch/middleware/templates/rescues/_trace.erb (1.2ms)
  Rendered /Library/Ruby/Gems/2.0.0/gems/actionpack-4.0.5/lib/action_dispatch/middleware/templates/rescues/_request_and_response.erb (1.0ms)
  Rendered /Library/Ruby/Gems/2.0.0/gems/actionpack-4.0.5/lib/action_dispatch/middleware/templates/rescues/diagnostics.erb within rescues/layout (16.3ms)


Started GET "/microposts" for 127.0.0.1 at 2014-07-24 21:00:09 -0700
  [1m[36mActiveRecord::SchemaMigration Load (0.1ms)[0m  [1mSELECT "schema_migrations".* FROM "schema_migrations"[0m

ActiveRecord::PendingMigrationError (Migrations are pending; run 'bin/rake db:migrate RAILS_ENV=development' to resolve this issue.):
  activerecord (4.0.5) lib/active_record/migration.rb:383:in `check_pending!'
  activerecord (4.0.5) lib/active_record/migration.rb:370:in `call'
  actionpack (4.0.5) lib/action_dispatch/middleware/callbacks.rb:29:in `block in call'
  activesupport (4.0.5) lib/active_support/callbacks.rb:373:in `_run__1981445001146735648__call__callbacks'
  activesupport (4.0.5) lib/active_support/callbacks.rb:80:in `run_callbacks'
  actionpack (4.0.5) lib/action_dispatch/middleware/callbacks.rb:27:in `call'
  actionpack (4.0.5) lib/action_dispatch/middleware/reloader.rb:64:in `call'
  actionpack (4.0.5) lib/action_dispatch/middleware/remote_ip.rb:76:in `call'
  actionpack (4.0.5) lib/action_dispatch/middleware/debug_exceptions.rb:17:in `call'
  actionpack (4.0.5) lib/action_dispatch/middleware/show_exceptions.rb:30:in `call'
  railties (4.0.5) lib/rails/rack/logger.rb:38:in `call_app'
  railties (4.0.5) lib/rails/rack/logger.rb:20:in `block in call'
  activesupport (4.0.5) lib/active_support/tagged_logging.rb:68:in `block in tagged'
  activesupport (4.0.5) lib/active_support/tagged_logging.rb:26:in `tagged'
  activesupport (4.0.5) lib/active_support/tagged_logging.rb:68:in `tagged'
  railties (4.0.5) lib/rails/rack/logger.rb:20:in `call'
  actionpack (4.0.5) lib/action_dispatch/middleware/request_id.rb:21:in `call'
  rack (1.5.2) lib/rack/methodoverride.rb:21:in `call'
  rack (1.5.2) lib/rack/runtime.rb:17:in `call'
  activesupport (4.0.5) lib/active_support/cache/strategy/local_cache.rb:83:in `call'
  rack (1.5.2) lib/rack/lock.rb:17:in `call'
  actionpack (4.0.5) lib/action_dispatch/middleware/static.rb:64:in `call'
  rack (1.5.2) lib/rack/sendfile.rb:112:in `call'
  railties (4.0.5) lib/rails/engine.rb:511:in `call'
  railties (4.0.5) lib/rails/application.rb:97:in `call'
  rack (1.5.2) lib/rack/lock.rb:17:in `call'
  rack (1.5.2) lib/rack/content_length.rb:14:in `call'
  rack (1.5.2) lib/rack/handler/webrick.rb:60:in `service'
  /System/Library/Frameworks/Ruby.framework/Versions/2.0/usr/lib/ruby/2.0.0/webrick/httpserver.rb:138:in `service'
  /System/Library/Frameworks/Ruby.framework/Versions/2.0/usr/lib/ruby/2.0.0/webrick/httpserver.rb:94:in `run'
  /System/Library/Frameworks/Ruby.framework/Versions/2.0/usr/lib/ruby/2.0.0/webrick/server.rb:295:in `block in start_thread'


  Rendered /Library/Ruby/Gems/2.0.0/gems/actionpack-4.0.5/lib/action_dispatch/middleware/templates/rescues/_source.erb (0.5ms)
  Rendered /Library/Ruby/Gems/2.0.0/gems/actionpack-4.0.5/lib/action_dispatch/middleware/templates/rescues/_trace.erb (1.1ms)
  Rendered /Library/Ruby/Gems/2.0.0/gems/actionpack-4.0.5/lib/action_dispatch/middleware/templates/rescues/_request_and_response.erb (1.0ms)
  Rendered /Library/Ruby/Gems/2.0.0/gems/actionpack-4.0.5/lib/action_dispatch/middleware/templates/rescues/diagnostics.erb within rescues/layout (15.4ms)
  [1m[36mActiveRecord::SchemaMigration Load (0.2ms)[0m  [1mSELECT "schema_migrations".* FROM "schema_migrations"[0m
Migrating to CreateMicroposts (20140725035654)
  [1m[35m (0.1ms)[0m  begin transaction
  [1m[36m (0.6ms)[0m  [1mCREATE TABLE "microposts" ("id" INTEGER PRIMARY KEY AUTOINCREMENT NOT NULL, "content" varchar(255), "user_id" integer, "created_at" datetime, "updated_at" datetime) [0m
  [1m[35mSQL (0.3ms)[0m  INSERT INTO "schema_migrations" ("version") VALUES (?)  [["version", "20140725035654"]]
  [1m[36m (129.9ms)[0m  [1mcommit transaction[0m
  [1m[35mActiveRecord::SchemaMigration Load (0.1ms)[0m  SELECT "schema_migrations".* FROM "schema_migrations"


Started GET "/microposts/new" for 127.0.0.1 at 2014-07-27 19:59:22 -0700
  [1m[36mActiveRecord::SchemaMigration Load (0.1ms)[0m  [1mSELECT "schema_migrations".* FROM "schema_migrations"[0m
Processing by MicropostsController#new as HTML
  Rendered microposts/_form.html.erb (145.1ms)
  Rendered microposts/new.html.erb within layouts/application (166.4ms)
Warning. Error encountered while saving cache f0b8efcbcbfca0910c10034038b9dc68128db19c/microposts.css.scssc: can't dump anonymous class #<Class:0x007f9be17a8a80>

Completed 200 OK in 729ms (Views: 725.3ms | ActiveRecord: 0.4ms)


Started GET "/assets/application.css?body=1" for 127.0.0.1 at 2014-07-27 19:59:23 -0700


Started GET "/assets/scaffolds.css?body=1" for 127.0.0.1 at 2014-07-27 19:59:23 -0700


Started GET "/assets/microposts.css?body=1" for 127.0.0.1 at 2014-07-27 19:59:23 -0700


Started GET "/assets/users.js?body=1" for 127.0.0.1 at 2014-07-27 19:59:23 -0700


Started GET "/assets/microposts.js?body=1" for 127.0.0.1 at 2014-07-27 19:59:23 -0700


Started GET "/assets/turbolinks.js?body=1" for 127.0.0.1 at 2014-07-27 19:59:23 -0700


Started GET "/assets/jquery.js?body=1" for 127.0.0.1 at 2014-07-27 19:59:23 -0700


Started GET "/assets/users.css?body=1" for 127.0.0.1 at 2014-07-27 19:59:23 -0700


Started GET "/assets/application.js?body=1" for 127.0.0.1 at 2014-07-27 19:59:23 -0700


Started GET "/assets/jquery_ujs.js?body=1" for 127.0.0.1 at 2014-07-27 19:59:23 -0700


Started POST "/microposts" for 127.0.0.1 at 2014-07-27 19:59:46 -0700
Processing by MicropostsController#create as HTML
  Parameters: {"utf8"=>"✓", "authenticity_token"=>"6UykLQovv2BEPzhdM5uwd8PeKc6LwBmC0SyT6GWoNJ4=", "micropost"=>{"content"=>"Hello curled!", "user_id"=>"0"}, "commit"=>"Create Micropost"}
  [1m[35m (0.1ms)[0m  begin transaction
  [1m[36mSQL (129.9ms)[0m  [1mINSERT INTO "microposts" ("content", "created_at", "updated_at", "user_id") VALUES (?, ?, ?, ?)[0m  [["content", "Hello curled!"], ["created_at", Mon, 28 Jul 2014 02:59:46 UTC +00:00], ["updated_at", Mon, 28 Jul 2014 02:59:46 UTC +00:00], ["user_id", 0]]
  [1m[35m (1.9ms)[0m  commit transaction
Redirected to http://localhost:3000/microposts/1
Completed 302 Found in 138ms (ActiveRecord: 131.9ms)


Started GET "/microposts/1" for 127.0.0.1 at 2014-07-27 19:59:46 -0700
Processing by MicropostsController#show as HTML
  Parameters: {"id"=>"1"}
  [1m[36mMicropost Load (0.3ms)[0m  [1mSELECT "microposts".* FROM "microposts" WHERE "microposts"."id" = ? LIMIT 1[0m  [["id", "1"]]
  Rendered microposts/show.html.erb within layouts/application (1.6ms)
Completed 200 OK in 35ms (Views: 32.5ms | ActiveRecord: 0.3ms)


Started GET "/microposts" for 127.0.0.1 at 2014-07-27 19:59:53 -0700
Processing by MicropostsController#index as HTML
  [1m[35mMicropost Load (0.2ms)[0m  SELECT "microposts".* FROM "microposts"
  Rendered microposts/index.html.erb within layouts/application (2.7ms)
Completed 200 OK in 26ms (Views: 24.9ms | ActiveRecord: 0.2ms)


Started GET "/microposts/1/edit" for 127.0.0.1 at 2014-07-27 19:59:59 -0700
Processing by MicropostsController#edit as HTML
  Parameters: {"id"=>"1"}
  [1m[36mMicropost Load (0.2ms)[0m  [1mSELECT "microposts".* FROM "microposts" WHERE "microposts"."id" = ? LIMIT 1[0m  [["id", "1"]]
  Rendered microposts/_form.html.erb (4.2ms)
  Rendered microposts/edit.html.erb within layouts/application (7.4ms)
Completed 200 OK in 36ms (Views: 34.1ms | ActiveRecord: 0.2ms)


Started PATCH "/microposts/1" for 127.0.0.1 at 2014-07-27 20:00:10 -0700
Processing by MicropostsController#update as HTML
  Parameters: {"utf8"=>"✓", "authenticity_token"=>"6UykLQovv2BEPzhdM5uwd8PeKc6LwBmC0SyT6GWoNJ4=", "micropost"=>{"content"=>"Hello curled!", "user_id"=>""}, "commit"=>"Update Micropost", "id"=>"1"}
  [1m[35mMicropost Load (0.2ms)[0m  SELECT "microposts".* FROM "microposts" WHERE "microposts"."id" = ? LIMIT 1  [["id", "1"]]
  [1m[36m (0.1ms)[0m  [1mbegin transaction[0m
  [1m[35mSQL (0.6ms)[0m  UPDATE "microposts" SET "user_id" = ?, "updated_at" = ? WHERE "microposts"."id" = 1  [["user_id", nil], ["updated_at", Mon, 28 Jul 2014 03:00:10 UTC +00:00]]
  [1m[36m (54.2ms)[0m  [1mcommit transaction[0m
Redirected to http://localhost:3000/microposts/1
Completed 302 Found in 62ms (ActiveRecord: 55.1ms)


Started GET "/microposts/1" for 127.0.0.1 at 2014-07-27 20:00:10 -0700
Processing by MicropostsController#show as HTML
  Parameters: {"id"=>"1"}
  [1m[35mMicropost Load (0.1ms)[0m  SELECT "microposts".* FROM "microposts" WHERE "microposts"."id" = ? LIMIT 1  [["id", "1"]]
  Rendered microposts/show.html.erb within layouts/application (0.7ms)
Completed 200 OK in 7ms (Views: 6.2ms | ActiveRecord: 0.1ms)


Started GET "/microposts" for 127.0.0.1 at 2014-07-27 20:00:13 -0700
Processing by MicropostsController#index as HTML
  [1m[36mMicropost Load (0.2ms)[0m  [1mSELECT "microposts".* FROM "microposts"[0m
  Rendered microposts/index.html.erb within layouts/application (1.5ms)
Completed 200 OK in 14ms (Views: 8.4ms | ActiveRecord: 0.2ms)


Started GET "/microposts/1/edit" for 127.0.0.1 at 2014-07-27 20:00:30 -0700
Processing by MicropostsController#edit as HTML
  Parameters: {"id"=>"1"}
  [1m[35mMicropost Load (0.2ms)[0m  SELECT "microposts".* FROM "microposts" WHERE "microposts"."id" = ? LIMIT 1  [["id", "1"]]
  Rendered microposts/_form.html.erb (3.5ms)
  Rendered microposts/edit.html.erb within layouts/application (5.1ms)
Completed 200 OK in 14ms (Views: 11.5ms | ActiveRecord: 0.2ms)


Started PATCH "/microposts/1" for 127.0.0.1 at 2014-07-27 20:00:33 -0700
Processing by MicropostsController#update as HTML
  Parameters: {"utf8"=>"✓", "authenticity_token"=>"6UykLQovv2BEPzhdM5uwd8PeKc6LwBmC0SyT6GWoNJ4=", "micropost"=>{"content"=>"Hello curled!", "user_id"=>"1"}, "commit"=>"Update Micropost", "id"=>"1"}
  [1m[36mMicropost Load (0.3ms)[0m  [1mSELECT "microposts".* FROM "microposts" WHERE "microposts"."id" = ? LIMIT 1[0m  [["id", "1"]]
  [1m[35m (0.1ms)[0m  begin transaction
  [1m[36mSQL (0.6ms)[0m  [1mUPDATE "microposts" SET "user_id" = ?, "updated_at" = ? WHERE "microposts"."id" = 1[0m  [["user_id", 1], ["updated_at", Mon, 28 Jul 2014 03:00:33 UTC +00:00]]
  [1m[35m (2.2ms)[0m  commit transaction
Redirected to http://localhost:3000/microposts/1
Completed 302 Found in 11ms (ActiveRecord: 3.2ms)


Started GET "/microposts/1" for 127.0.0.1 at 2014-07-27 20:00:33 -0700
Processing by MicropostsController#show as HTML
  Parameters: {"id"=>"1"}
  [1m[36mMicropost Load (0.2ms)[0m  [1mSELECT "microposts".* FROM "microposts" WHERE "microposts"."id" = ? LIMIT 1[0m  [["id", "1"]]
  Rendered microposts/show.html.erb within layouts/application (0.5ms)
Completed 200 OK in 8ms (Views: 6.6ms | ActiveRecord: 0.2ms)


Started GET "/microposts" for 127.0.0.1 at 2014-07-27 20:00:35 -0700
Processing by MicropostsController#index as HTML
  [1m[35mMicropost Load (0.2ms)[0m  SELECT "microposts".* FROM "microposts"
  Rendered microposts/index.html.erb within layouts/application (1.9ms)
Completed 200 OK in 12ms (Views: 7.9ms | ActiveRecord: 0.2ms)


Started GET "/microposts/new" for 127.0.0.1 at 2014-07-27 20:46:27 -0700
Processing by MicropostsController#new as HTML
  Rendered microposts/_form.html.erb (2.7ms)
  Rendered microposts/new.html.erb within layouts/application (4.2ms)
Completed 200 OK in 10ms (Views: 9.6ms | ActiveRecord: 0.0ms)


Started POST "/microposts" for 127.0.0.1 at 2014-07-27 20:46:38 -0700
Processing by MicropostsController#create as HTML
  Parameters: {"utf8"=>"✓", "authenticity_token"=>"6UykLQovv2BEPzhdM5uwd8PeKc6LwBmC0SyT6GWoNJ4=", "micropost"=>{"content"=>"Udraab til verden...", "user_id"=>"1"}, "commit"=>"Create Micropost"}
  [1m[36m (0.1ms)[0m  [1mbegin transaction[0m
  [1m[35mSQL (0.5ms)[0m  INSERT INTO "microposts" ("content", "created_at", "updated_at", "user_id") VALUES (?, ?, ?, ?)  [["content", "Udraab til verden..."], ["created_at", Mon, 28 Jul 2014 03:46:38 UTC +00:00], ["updated_at", Mon, 28 Jul 2014 03:46:38 UTC +00:00], ["user_id", 1]]
  [1m[36m (5.7ms)[0m  [1mcommit transaction[0m
Redirected to http://localhost:3000/microposts/2
Completed 302 Found in 10ms (ActiveRecord: 6.3ms)


Started GET "/microposts/2" for 127.0.0.1 at 2014-07-27 20:46:38 -0700
Processing by MicropostsController#show as HTML
  Parameters: {"id"=>"2"}
  [1m[35mMicropost Load (0.1ms)[0m  SELECT "microposts".* FROM "microposts" WHERE "microposts"."id" = ? LIMIT 1  [["id", "2"]]
  Rendered microposts/show.html.erb within layouts/application (0.6ms)
Completed 200 OK in 8ms (Views: 6.4ms | ActiveRecord: 0.1ms)


Started GET "/microposts" for 127.0.0.1 at 2014-07-27 20:46:40 -0700
Processing by MicropostsController#index as HTML
  [1m[36mMicropost Load (0.3ms)[0m  [1mSELECT "microposts".* FROM "microposts"[0m
  Rendered microposts/index.html.erb within layouts/application (4.1ms)
Completed 200 OK in 12ms (Views: 11.1ms | ActiveRecord: 0.2ms)


Started GET "/microposts/new" for 127.0.0.1 at 2014-07-27 20:49:48 -0700
Processing by MicropostsController#new as HTML
  Rendered microposts/_form.html.erb (8.3ms)
  Rendered microposts/new.html.erb within layouts/application (11.6ms)
Completed 200 OK in 22ms (Views: 18.1ms | ActiveRecord: 0.5ms)


Started POST "/microposts" for 127.0.0.1 at 2014-07-27 20:49:53 -0700
Processing by MicropostsController#create as HTML
  Parameters: {"utf8"=>"✓", "authenticity_token"=>"6UykLQovv2BEPzhdM5uwd8PeKc6LwBmC0SyT6GWoNJ4=", "micropost"=>{"content"=>"It's happening: the Metro board has awarded a contract to build the Purple Line subway extension alllll the way from Western to La Cienega (three whole stops, 3.9 miles, but it's a start; the line will eventually run to Westwood). The board picked the bid from the experienced team of Skanska, Traylor and Shea—the most expensive by about $193 million—because staff think it provides the \"best opportunity to deliver the project on time and on budget,\" reports The Source. Preliminary work like utility relocation and exploratory digging (which has yielded some awesome fossils) has been going on for a while now, but the contract means earnest work can finally begin (this project has only been in the works for slightly less than a century); new stations will be built at Wilshire/La Brea, Wilshire/Fairfax, and Wilshire/La Cienega on the very edge of Beverly Hills.  The most current timeline is below and the line is set to open in 2023, assuming both Los Angeles and Beverly Hills allow Metro to work extended hours, which isn't necessarily a sure thing. Miracle Mile residents have been a little fussy and Beverly Hills has been doing everything in its power to stop this project, although they did finally give Metro construction permits.", "user_id"=>"1"}, "commit"=>"Create Micropost"}
  [1m[35m (0.1ms)[0m  begin transaction
  [1m[36m (0.1ms)[0m  [1mrollback transaction[0m
  Rendered microposts/_form.html.erb (3.3ms)
  Rendered microposts/new.html.erb within layouts/application (4.3ms)
Completed 200 OK in 13ms (Views: 9.7ms | ActiveRecord: 0.2ms)
  [1m[36mUser Load (0.2ms)[0m  [1mSELECT "users".* FROM "users" ORDER BY "users"."id" ASC LIMIT 1[0m
  [1m[35mUser Load (0.3ms)[0m  SELECT "users".* FROM "users"


Started GET "/microposts/2/edit" for 127.0.0.1 at 2014-07-27 20:58:33 -0700
  [1m[36mActiveRecord::SchemaMigration Load (0.1ms)[0m  [1mSELECT "schema_migrations".* FROM "schema_migrations"[0m
Processing by MicropostsController#edit as HTML
  Parameters: {"id"=>"2"}
  [1m[35mMicropost Load (0.2ms)[0m  SELECT "microposts".* FROM "microposts" WHERE "microposts"."id" = ? LIMIT 1  [["id", "2"]]
  Rendered microposts/_form.html.erb (67.6ms)
  Rendered microposts/edit.html.erb within layouts/application (72.0ms)
Completed 200 OK in 154ms (Views: 122.7ms | ActiveRecord: 0.6ms)


Started PATCH "/microposts/2" for 127.0.0.1 at 2014-07-27 20:58:36 -0700
Processing by MicropostsController#update as HTML
  Parameters: {"utf8"=>"✓", "authenticity_token"=>"6UykLQovv2BEPzhdM5uwd8PeKc6LwBmC0SyT6GWoNJ4=", "micropost"=>{"content"=>"Udraab til verden...", "user_id"=>"2"}, "commit"=>"Update Micropost", "id"=>"2"}
  [1m[36mMicropost Load (0.2ms)[0m  [1mSELECT "microposts".* FROM "microposts" WHERE "microposts"."id" = ? LIMIT 1[0m  [["id", "2"]]
  [1m[35m (0.1ms)[0m  begin transaction
  [1m[36mSQL (38.2ms)[0m  [1mUPDATE "microposts" SET "user_id" = ?, "updated_at" = ? WHERE "microposts"."id" = 2[0m  [["user_id", 2], ["updated_at", Mon, 28 Jul 2014 03:58:36 UTC +00:00]]
  [1m[35m (2.6ms)[0m  commit transaction
Redirected to http://localhost:3000/microposts/2
Completed 302 Found in 48ms (ActiveRecord: 41.0ms)


Started GET "/microposts/2" for 127.0.0.1 at 2014-07-27 20:58:36 -0700
Processing by MicropostsController#show as HTML
  Parameters: {"id"=>"2"}
  [1m[36mMicropost Load (0.1ms)[0m  [1mSELECT "microposts".* FROM "microposts" WHERE "microposts"."id" = ? LIMIT 1[0m  [["id", "2"]]
  Rendered microposts/show.html.erb within layouts/application (1.2ms)
Completed 200 OK in 8ms (Views: 6.7ms | ActiveRecord: 0.1ms)


Started GET "/microposts" for 127.0.0.1 at 2014-07-27 20:58:37 -0700
Processing by MicropostsController#index as HTML
  [1m[35mMicropost Load (0.2ms)[0m  SELECT "microposts".* FROM "microposts"
  Rendered microposts/index.html.erb within layouts/application (3.2ms)
Completed 200 OK in 12ms (Views: 10.4ms | ActiveRecord: 0.2ms)


Started GET "/microposts/1/edit" for 127.0.0.1 at 2014-07-27 20:58:39 -0700
Processing by MicropostsController#edit as HTML
  Parameters: {"id"=>"1"}
  [1m[36mMicropost Load (0.3ms)[0m  [1mSELECT "microposts".* FROM "microposts" WHERE "microposts"."id" = ? LIMIT 1[0m  [["id", "1"]]
  Rendered microposts/_form.html.erb (2.7ms)
  Rendered microposts/edit.html.erb within layouts/application (3.8ms)
Completed 200 OK in 16ms (Views: 9.8ms | ActiveRecord: 0.3ms)


Started PATCH "/microposts/1" for 127.0.0.1 at 2014-07-27 20:58:41 -0700
Processing by MicropostsController#update as HTML
  Parameters: {"utf8"=>"✓", "authenticity_token"=>"6UykLQovv2BEPzhdM5uwd8PeKc6LwBmC0SyT6GWoNJ4=", "micropost"=>{"content"=>"Hello curled!", "user_id"=>"2"}, "commit"=>"Update Micropost", "id"=>"1"}
  [1m[35mMicropost Load (0.1ms)[0m  SELECT "microposts".* FROM "microposts" WHERE "microposts"."id" = ? LIMIT 1  [["id", "1"]]
  [1m[36m (0.1ms)[0m  [1mbegin transaction[0m
  [1m[35mSQL (0.4ms)[0m  UPDATE "microposts" SET "user_id" = ?, "updated_at" = ? WHERE "microposts"."id" = 1  [["user_id", 2], ["updated_at", Mon, 28 Jul 2014 03:58:41 UTC +00:00]]
  [1m[36m (2.6ms)[0m  [1mcommit transaction[0m
Redirected to http://localhost:3000/microposts/1
Completed 302 Found in 7ms (ActiveRecord: 3.3ms)


Started GET "/microposts/1" for 127.0.0.1 at 2014-07-27 20:58:41 -0700
Processing by MicropostsController#show as HTML
  Parameters: {"id"=>"1"}
  [1m[35mMicropost Load (0.1ms)[0m  SELECT "microposts".* FROM "microposts" WHERE "microposts"."id" = ? LIMIT 1  [["id", "1"]]
  Rendered microposts/show.html.erb within layouts/application (0.6ms)
Completed 200 OK in 7ms (Views: 5.9ms | ActiveRecord: 0.1ms)


Started GET "/microposts" for 127.0.0.1 at 2014-07-27 20:58:43 -0700
Processing by MicropostsController#index as HTML
  [1m[36mMicropost Load (0.2ms)[0m  [1mSELECT "microposts".* FROM "microposts"[0m
  Rendered microposts/index.html.erb within layouts/application (5.2ms)
Completed 200 OK in 13ms (Views: 11.5ms | ActiveRecord: 0.2ms)


Started GET "/microposts/new" for 127.0.0.1 at 2014-07-27 20:58:45 -0700
Processing by MicropostsController#new as HTML
  Rendered microposts/_form.html.erb (5.6ms)
  Rendered microposts/new.html.erb within layouts/application (7.3ms)
Completed 200 OK in 14ms (Views: 12.8ms | ActiveRecord: 0.0ms)


Started POST "/microposts" for 127.0.0.1 at 2014-07-27 20:58:59 -0700
Processing by MicropostsController#create as HTML
  Parameters: {"utf8"=>"✓", "authenticity_token"=>"6UykLQovv2BEPzhdM5uwd8PeKc6LwBmC0SyT6GWoNJ4=", "micropost"=>{"content"=>"Hvad det for naaedd..?", "user_id"=>"3"}, "commit"=>"Create Micropost"}
  [1m[35m (0.1ms)[0m  begin transaction
  [1m[36mSQL (0.6ms)[0m  [1mINSERT INTO "microposts" ("content", "created_at", "updated_at", "user_id") VALUES (?, ?, ?, ?)[0m  [["content", "Hvad det for naaedd..?"], ["created_at", Mon, 28 Jul 2014 03:58:59 UTC +00:00], ["updated_at", Mon, 28 Jul 2014 03:58:59 UTC +00:00], ["user_id", 3]]
  [1m[35m (2.6ms)[0m  commit transaction
Redirected to http://localhost:3000/microposts/3
Completed 302 Found in 11ms (ActiveRecord: 3.3ms)


Started GET "/microposts/3" for 127.0.0.1 at 2014-07-27 20:58:59 -0700
Processing by MicropostsController#show as HTML
  Parameters: {"id"=>"3"}
  [1m[36mMicropost Load (0.1ms)[0m  [1mSELECT "microposts".* FROM "microposts" WHERE "microposts"."id" = ? LIMIT 1[0m  [["id", "3"]]
  Rendered microposts/show.html.erb within layouts/application (0.7ms)
Completed 200 OK in 13ms (Views: 11.4ms | ActiveRecord: 0.1ms)


Started GET "/microposts" for 127.0.0.1 at 2014-07-27 20:59:00 -0700
Processing by MicropostsController#index as HTML
  [1m[35mMicropost Load (0.4ms)[0m  SELECT "microposts".* FROM "microposts"
  Rendered microposts/index.html.erb within layouts/application (16.5ms)
Completed 200 OK in 23ms (Views: 21.9ms | ActiveRecord: 0.4ms)
  [1m[36mMicropost Load (2.1ms)[0m  [1mSELECT "microposts".* FROM "microposts" WHERE "microposts"."user_id" = ?[0m  [["user_id", 2]]


Started GET "/users/1" for 127.0.0.1 at 2014-07-28 17:31:14 -0700
Processing by UsersController#show as HTML
  Parameters: {"id"=>"1"}
  [1m[36mUser Load (0.2ms)[0m  [1mSELECT "users".* FROM "users" WHERE "users"."id" = ? LIMIT 1[0m  [["id", "1"]]
Completed 404 Not Found in 96ms

ActiveRecord::RecordNotFound (Couldn't find User with id=1):
  app/controllers/users_controller.rb:67:in `set_user'


  Rendered /Library/Ruby/Gems/2.0.0/gems/actionpack-4.0.5/lib/action_dispatch/middleware/templates/rescues/_source.erb (1.0ms)
  Rendered /Library/Ruby/Gems/2.0.0/gems/actionpack-4.0.5/lib/action_dispatch/middleware/templates/rescues/_trace.erb (1.5ms)
  Rendered /Library/Ruby/Gems/2.0.0/gems/actionpack-4.0.5/lib/action_dispatch/middleware/templates/rescues/_request_and_response.erb (1.5ms)
  Rendered /Library/Ruby/Gems/2.0.0/gems/actionpack-4.0.5/lib/action_dispatch/middleware/templates/rescues/diagnostics.erb within rescues/layout (40.1ms)


Started GET "/users/1" for 127.0.0.1 at 2014-07-28 17:31:29 -0700
Processing by UsersController#show as HTML
  Parameters: {"id"=>"1"}
  [1m[35mUser Load (0.1ms)[0m  SELECT "users".* FROM "users" WHERE "users"."id" = ? LIMIT 1  [["id", "1"]]
Completed 404 Not Found in 1ms

ActiveRecord::RecordNotFound (Couldn't find User with id=1):
  app/controllers/users_controller.rb:67:in `set_user'


  Rendered /Library/Ruby/Gems/2.0.0/gems/actionpack-4.0.5/lib/action_dispatch/middleware/templates/rescues/_source.erb (0.7ms)
  Rendered /Library/Ruby/Gems/2.0.0/gems/actionpack-4.0.5/lib/action_dispatch/middleware/templates/rescues/_trace.erb (1.2ms)
  Rendered /Library/Ruby/Gems/2.0.0/gems/actionpack-4.0.5/lib/action_dispatch/middleware/templates/rescues/_request_and_response.erb (1.2ms)
  Rendered /Library/Ruby/Gems/2.0.0/gems/actionpack-4.0.5/lib/action_dispatch/middleware/templates/rescues/diagnostics.erb within rescues/layout (15.8ms)


Started GET "/users/2" for 127.0.0.1 at 2014-07-28 17:31:38 -0700
Processing by UsersController#show as HTML
  Parameters: {"id"=>"2"}
  [1m[36mUser Load (0.1ms)[0m  [1mSELECT "users".* FROM "users" WHERE "users"."id" = ? LIMIT 1[0m  [["id", "2"]]
  Rendered users/show.html.erb within layouts/application (2.2ms)
Completed 200 OK in 100ms (Views: 94.1ms | ActiveRecord: 0.1ms)


Started GET "/assets/application.css?body=1" for 127.0.0.1 at 2014-07-28 17:31:39 -0700


Started GET "/assets/microposts.css?body=1" for 127.0.0.1 at 2014-07-28 17:31:39 -0700


Started GET "/assets/scaffolds.css?body=1" for 127.0.0.1 at 2014-07-28 17:31:39 -0700


Started GET "/assets/users.css?body=1" for 127.0.0.1 at 2014-07-28 17:31:39 -0700


Started GET "/assets/users.js?body=1" for 127.0.0.1 at 2014-07-28 17:31:39 -0700


Started GET "/assets/jquery_ujs.js?body=1" for 127.0.0.1 at 2014-07-28 17:31:39 -0700


Started GET "/assets/microposts.js?body=1" for 127.0.0.1 at 2014-07-28 17:31:39 -0700


Started GET "/assets/turbolinks.js?body=1" for 127.0.0.1 at 2014-07-28 17:31:39 -0700


Started GET "/assets/jquery.js?body=1" for 127.0.0.1 at 2014-07-28 17:31:39 -0700


Started GET "/assets/application.js?body=1" for 127.0.0.1 at 2014-07-28 17:31:39 -0700
